==202541== Memcheck, a memory error detector
==202541== Copyright (C) 2002-2024, and GNU GPL'd, by Julian Seward et al.
==202541== Using Valgrind-3.25.1 and LibVEX; rerun with -h for copyright info
==202541== Command: ./minishell
==202541== Parent PID: 202402
==202541== 
==202541== 
==202541== Process terminating with default action of signal 1 (SIGHUP)
==202541==    at 0x490A75B: kill (syscall-template.S:120)
==202541==    by 0x48A7F39: _rl_signal_handler (in /usr/lib/x86_64-linux-gnu/libreadline.so.8.1)
==202541==    by 0x48A842E: rl_read_key (in /usr/lib/x86_64-linux-gnu/libreadline.so.8.1)
==202541==    by 0x488CC86: readline_internal_char (in /usr/lib/x86_64-linux-gnu/libreadline.so.8.1)
==202541==    by 0x4895D14: readline (in /usr/lib/x86_64-linux-gnu/libreadline.so.8.1)
==202541==    by 0x40150B: main (main.c:77)
==202541== 
==202541== FILE DESCRIPTORS: 5 open (5 inherited) at exit.
==202541== 
==202541== HEAP SUMMARY:
==202541==     in use at exit: 218,778 bytes in 313 blocks
==202541==   total heap usage: 513 allocs, 200 frees, 233,316 bytes allocated
==202541== 
==202541== 7 bytes in 1 blocks are still reachable in loss record 3 of 83
==202541==    at 0x4848813: malloc (vg_replace_malloc.c:446)
==202541==    by 0x48ADBAC: xmalloc (in /usr/lib/x86_64-linux-gnu/libreadline.so.8.1)
==202541==    by 0x48A4B39: alloc_history_entry (in /usr/lib/x86_64-linux-gnu/libreadline.so.8.1)
==202541==    by 0x48A6F65: add_history (in /usr/lib/x86_64-linux-gnu/libreadline.so.8.1)
==202541==    by 0x4048C1: history_add (history.c:22)
==202541==    by 0x401539: main (main.c:83)
==202541== 
==202541== 12 bytes in 1 blocks are still reachable in loss record 11 of 83
==202541==    at 0x4848813: malloc (vg_replace_malloc.c:446)
==202541==    by 0x48ADBAC: xmalloc (in /usr/lib/x86_64-linux-gnu/libreadline.so.8.1)
==202541==    by 0x48A6F28: add_history (in /usr/lib/x86_64-linux-gnu/libreadline.so.8.1)
==202541==    by 0x4048C1: history_add (history.c:22)
==202541==    by 0x401539: main (main.c:83)
==202541== 
==202541== 24 bytes in 1 blocks are still reachable in loss record 21 of 83
==202541==    at 0x4848813: malloc (vg_replace_malloc.c:446)
==202541==    by 0x48ADBAC: xmalloc (in /usr/lib/x86_64-linux-gnu/libreadline.so.8.1)
==202541==    by 0x48A4B1D: alloc_history_entry (in /usr/lib/x86_64-linux-gnu/libreadline.so.8.1)
==202541==    by 0x48A6F65: add_history (in /usr/lib/x86_64-linux-gnu/libreadline.so.8.1)
==202541==    by 0x4048C1: history_add (history.c:22)
==202541==    by 0x401539: main (main.c:83)
==202541== 
==202541== 32 bytes in 1 blocks are still reachable in loss record 22 of 83
==202541==    at 0x4848813: malloc (vg_replace_malloc.c:446)
==202541==    by 0x4012F5: init_shell (main.c:44)
==202541==    by 0x4014C2: main (main.c:72)
==202541== 
==202541== 496 bytes in 1 blocks are still reachable in loss record 38 of 83
==202541==    at 0x4848813: malloc (vg_replace_malloc.c:446)
==202541==    by 0x4013F0: dup_envp (main.c:26)
==202541==    by 0x40131E: init_shell (main.c:47)
==202541==    by 0x4014C2: main (main.c:72)
==202541== 
==202541== 3,956 bytes in 61 blocks are still reachable in loss record 60 of 83
==202541==    at 0x4848813: malloc (vg_replace_malloc.c:446)
==202541==    by 0x40750D: ft_strdup (in /home/ksng/Documents/Common_Core/minitest/minishell)
==202541==    by 0x40142E: dup_envp (main.c:31)
==202541==    by 0x40131E: init_shell (main.c:47)
==202541==    by 0x4014C2: main (main.c:72)
==202541== 
==202541== 4,016 bytes in 1 blocks are still reachable in loss record 61 of 83
==202541==    at 0x4848813: malloc (vg_replace_malloc.c:446)
==202541==    by 0x48ADBAC: xmalloc (in /usr/lib/x86_64-linux-gnu/libreadline.so.8.1)
==202541==    by 0x48A6FD6: add_history (in /usr/lib/x86_64-linux-gnu/libreadline.so.8.1)
==202541==    by 0x4048C1: history_add (history.c:22)
==202541==    by 0x401539: main (main.c:83)
==202541== 
==202541== LEAK SUMMARY:
==202541==    definitely lost: 0 bytes in 0 blocks
==202541==    indirectly lost: 0 bytes in 0 blocks
==202541==      possibly lost: 0 bytes in 0 blocks
==202541==    still reachable: 8,543 bytes in 67 blocks
==202541==         suppressed: 210,235 bytes in 246 blocks
==202541== 
==202541== ERROR SUMMARY: 0 errors from 0 contexts (suppressed: 0 from 0)
--202541-- 
--202541-- used_suppression:     56 <rl_initialize_suppression> minishell_valgrind.supp:2 suppressed: 199,972 bytes in 226 blocks
--202541-- used_suppression:     11 <rl_redisplay_suppression> minishell_valgrind.supp:9 suppressed: 8,640 bytes in 11 blocks
--202541-- used_suppression:      1 <rl_prep_terminal_suppression> minishell_valgrind.supp:23 suppressed: 1,024 bytes in 1 blocks
--202541-- used_suppression:      8 <rl_set_prompt_suppression> minishell_valgrind.supp:16 suppressed: 599 bytes in 8 blocks
==202541== 
==202541== ERROR SUMMARY: 0 errors from 0 contexts (suppressed: 0 from 0)
